[25-07-2025 09:39:42] - Started bot 6397ebf6-a943-491a-a72b-e5b217b9d19c with interval 61s
[25-07-2025 09:39:42] - [BTCUSDT - 6397ebf6-a943-491a-a72b-e5b217b9d19c] Checking market data...
[25-07-2025 09:39:43] - [BTCUSDT] - 🔻 RSI Oversold: false (48.37790532014538 < 35.0) - RSI: 48.37790532014538
[25-07-2025 09:39:43] - [BTCUSDT] - 📉 Bullish Trend: true (SMA9: 116112.67 >  SMA21: 116189.17904761904)
[25-07-2025 09:39:43] - [BTCUSDT] - 🛡️ Touched Support: false (Current Price: 116234.35 <= Support: 116035.489)
[25-07-2025 09:39:43] - [BTCUSDT] - 🔺 RSI Overbought: false (48.37790532014538 > 65.0) - RSI: 48.37790532014538
[25-07-2025 09:39:43] - [BTCUSDT] - 📈 Bearish Trend: true (SMA9: 116112.67 < SMA21: 116189.17904761904)
[25-07-2025 09:39:43] - [BTCUSDT] - 🚀 Touched Resistance: false (Current Price: 116234.35 >= Resistance: 116483.721)
[25-07-2025 09:39:43] - [BTCUSDT] - 📊 Volume: WEAK (Current Volume: 12.20938 >= Average Volume: 25.688289839999996)
[25-07-2025 09:39:43] - [BTCUSDT] - 🟡 No action recommended at this time.
[25-07-2025 09:39:43] - [BTCUSDT] - 751ms to process bot: 6397ebf6-a943-491a-a72b-e5b217b9d19c
_________________________________________________________________________________________________________________
[25-07-2025 09:40:43] - [BTCUSDT - 6397ebf6-a943-491a-a72b-e5b217b9d19c] Checking market data...
[25-07-2025 09:40:43] - [BTCUSDT] - 🔻 RSI Oversold: false (53.50280596127385 < 35.0) - RSI: 53.50280596127385
[25-07-2025 09:40:43] - [BTCUSDT] - 📉 Bullish Trend: true (SMA9: 116150.32333333333 >  SMA21: 116189.10285714286)
[25-07-2025 09:40:43] - [BTCUSDT] - 🛡️ Touched Support: false (Current Price: 116334.79 <= Support: 116035.489)
[25-07-2025 09:40:43] - [BTCUSDT] - 🔺 RSI Overbought: false (53.50280596127385 > 65.0) - RSI: 53.50280596127385
[25-07-2025 09:40:43] - [BTCUSDT] - 📈 Bearish Trend: true (SMA9: 116150.32333333333 < SMA21: 116189.10285714286)
[25-07-2025 09:40:43] - [BTCUSDT] - 🚀 Touched Resistance: false (Current Price: 116334.79 >= Resistance: 116483.721)
[25-07-2025 09:40:43] - [BTCUSDT] - 📊 Volume: WEAK (Current Volume: 13.75608 >= Average Volume: 25.90792176)
[25-07-2025 09:40:43] - [BTCUSDT] - 🟡 No action recommended at this time.
[25-07-2025 09:40:43] - [BTCUSDT] - 306ms to process bot: 6397ebf6-a943-491a-a72b-e5b217b9d19c
_________________________________________________________________________________________________________________
